This file contains any messages produced by compilers while
running configure, to aid debugging if configure makes a mistake.

It was created by configure, which was
generated by GNU Autoconf 2.61.  Invocation command line was

  $ ./configure --build=i686-pc-cygwin --host=ppc-amigaos --disable-shared --enable-static

## --------- ##
## Platform. ##
## --------- ##

hostname = microsof-9c3473
uname -m = i686
uname -r = 1.7.7(0.230/5/3)
uname -s = CYGWIN_NT-5.1
uname -v = 2010-08-31 09:58

/usr/bin/uname -p = unknown
/bin/uname -X     = unknown

/bin/arch              = i686
/usr/bin/arch -k       = unknown
/usr/convex/getsysinfo = unknown
/usr/bin/hostinfo      = unknown
/bin/machine           = unknown
/usr/bin/oslevel       = unknown
/bin/universe          = unknown

PATH: /gg/bin
PATH: /usr/local/amiga/bin
PATH: /usr/local/bin
PATH: /usr/bin
PATH: /bin
PATH: /cygdrive/c/Perl/site/bin
PATH: /cygdrive/c/Perl/bin
PATH: /cygdrive/c/Program Files/AMD APP/bin/x86
PATH: /cygdrive/c/WINDOWS/system32
PATH: /cygdrive/c/WINDOWS
PATH: /cygdrive/c/WINDOWS/System32/Wbem
PATH: /cygdrive/c/Program Files/ATI Technologies/ATI.ACE/Core-Static
PATH: /cygdrive/c/Program Files/Subversion/bin
PATH: /cygdrive/c/Program Files/OpenVPN/bin
PATH: /cygdrive/c/AmiKit
PATH: /cygdrive/c/WINDOWS/
PATH: /usr/lib/lapack


## ----------- ##
## Core tests. ##
## ----------- ##

configure:2120: checking build system type
configure:2138: result: i686-pc-cygwin
configure:2160: checking host system type
configure:2175: result: powerpc-unknown-amigaos
configure:2205: checking for ppc-amigaos-gcc
configure:2221: found /usr/local/amiga/bin/ppc-amigaos-gcc
configure:2232: result: ppc-amigaos-gcc
configure:2510: checking for C compiler version
configure:2517: ppc-amigaos-gcc --version >&5
ppc-amigaos-gcc (GCC) 4.4.3
Copyright (C) 2010 Free Software Foundation, Inc.
This is free software; see the source for copying conditions.  There is NO
warranty; not even for MERCHANTABILITY or FITNESS FOR A PARTICULAR PURPOSE.

configure:2520: $? = 0
configure:2527: ppc-amigaos-gcc -v >&5
Using built-in specs.
Target: ppc-amigaos
Configured with: ../adtools-gcc-4.4.2/configure --prefix=/usr/local/amiga --target=ppc-amigaos --enable-languages=c,c++ --enable-haifa --enable-sjlj-exceptions --disable-libstdcxx-pch
Thread model: single
gcc version 4.4.3 (GCC) 
configure:2530: $? = 0
configure:2537: ppc-amigaos-gcc -V >&5
ppc-amigaos-gcc: '-V' option must have argument
configure:2540: $? = 1
configure:2563: checking for C compiler default output file name
configure:2590: ppc-amigaos-gcc    conftest.c  >&5
configure:2593: $? = 0
configure:2631: result: a.out
configure:2648: checking whether the C compiler works
configure:2678: result: yes
configure:2685: checking whether we are cross compiling
configure:2687: result: yes
configure:2690: checking for suffix of executables
configure:2697: ppc-amigaos-gcc -o conftest    conftest.c  >&5
configure:2700: $? = 0
configure:2724: result: 
configure:2730: checking for suffix of object files
configure:2756: ppc-amigaos-gcc -c   conftest.c >&5
configure:2759: $? = 0
configure:2782: result: o
configure:2786: checking whether we are using the GNU C compiler
configure:2815: ppc-amigaos-gcc -c   conftest.c >&5
configure:2821: $? = 0
configure:2838: result: yes
configure:2843: checking whether ppc-amigaos-gcc accepts -g
configure:2873: ppc-amigaos-gcc -c -g  conftest.c >&5
configure:2879: $? = 0
configure:2978: result: yes
configure:2995: checking for ppc-amigaos-gcc option to accept ISO C89
configure:3069: ppc-amigaos-gcc  -c -g -O2  conftest.c >&5

## ---------------- ##
## Cache variables. ##
## ---------------- ##

ac_cv_build=i686-pc-cygwin
ac_cv_c_compiler_gnu=yes
ac_cv_env_CCC_set=
ac_cv_env_CCC_value=
ac_cv_env_CC_set=
ac_cv_env_CC_value=
ac_cv_env_CFLAGS_set=
ac_cv_env_CFLAGS_value=
ac_cv_env_CPPFLAGS_set=
ac_cv_env_CPPFLAGS_value=
ac_cv_env_CPP_set=
ac_cv_env_CPP_value=
ac_cv_env_CXXCPP_set=
ac_cv_env_CXXCPP_value=
ac_cv_env_CXXFLAGS_set=
ac_cv_env_CXXFLAGS_value=
ac_cv_env_CXX_set=
ac_cv_env_CXX_value=
ac_cv_env_F77_set=
ac_cv_env_F77_value=
ac_cv_env_FFLAGS_set=
ac_cv_env_FFLAGS_value=
ac_cv_env_LDFLAGS_set=
ac_cv_env_LDFLAGS_value=
ac_cv_env_LIBS_set=
ac_cv_env_LIBS_value=
ac_cv_env_XMKMF_set=
ac_cv_env_XMKMF_value=
ac_cv_env_build_alias_set=set
ac_cv_env_build_alias_value=i686-pc-cygwin
ac_cv_env_host_alias_set=set
ac_cv_env_host_alias_value=ppc-amigaos
ac_cv_env_target_alias_set=
ac_cv_env_target_alias_value=
ac_cv_host=powerpc-unknown-amigaos
ac_cv_objext=o
ac_cv_prog_CC=ppc-amigaos-gcc
ac_cv_prog_cc_c89=no
ac_cv_prog_cc_g=yes

## ----------------- ##
## Output variables. ##
## ----------------- ##

ALLOCA=''
ALSA_CFLAGS=''
ALSA_LIBS=''
AR=''
ARTSCONFIG=''
AS=''
BUILD_CFLAGS=''
BUILD_LDFLAGS=''
CC='ppc-amigaos-gcc '
CFLAGS='-g -O2'
CPP=''
CPPFLAGS=''
CXX=''
CXXCPP=''
CXXFLAGS=''
DEFS=''
DIRECTFBCONFIG=''
DLLTOOL=''
ECHO='echo'
ECHO_C=''
ECHO_N='-n'
ECHO_T=''
EGREP=''
ENABLE_SHARED_FALSE=''
ENABLE_SHARED_TRUE=''
ENABLE_STATIC_FALSE=''
ENABLE_STATIC_TRUE=''
ESD_CFLAGS=''
ESD_CONFIG=''
ESD_LIBS=''
EXEEXT=''
EXTRA_CFLAGS=''
EXTRA_LDFLAGS=''
F77=''
FFLAGS=''
GREP=''
INCLUDE=''
INSTALL_DATA=''
INSTALL_PROGRAM=''
INSTALL_SCRIPT=''
LDFLAGS=''
LIBOBJS=''
LIBS=''
LIBTOOL=''
LN_S=''
LTLIBOBJS=''
LT_AGE='11'
LT_CURRENT='11'
LT_RELEASE='1.2'
LT_REVISION='2'
NASM=''
NASMFLAGS=''
OBJDUMP=''
OBJECTS=''
OBJEXT='o'
OSMESA_CONFIG=''
PACKAGE_BUGREPORT=''
PACKAGE_NAME=''
PACKAGE_STRING=''
PACKAGE_TARNAME=''
PACKAGE_VERSION=''
PATH_SEPARATOR=':'
PKG_CONFIG=''
POW_LIB=''
PTH_CONFIG=''
RANLIB=''
SDLMAIN_OBJECTS=''
SDLMAIN_SOURCES=''
SDL_BINARY_AGE='13'
SDL_CFLAGS=''
SDL_INTERFACE_AGE='2'
SDL_LIBS=''
SDL_MAJOR_VERSION='1'
SDL_MICRO_VERSION='13'
SDL_MINOR_VERSION='2'
SDL_RLD_FLAGS=''
SDL_STATIC_LIBS=''
SDL_VERSION='1.2.13'
SET_MAKE=''
SHELL='/bin/sh'
SOURCES=''
STRIP=''
WINDRES=''
XMKMF=''
X_CFLAGS=''
X_EXTRA_LIBS=''
X_LIBS=''
X_PRE_LIBS=''
ac_aux_dir='./build-scripts'
ac_ct_CC=''
ac_ct_CXX=''
ac_ct_F77=''
bindir='${exec_prefix}/bin'
build='i686-pc-cygwin'
build_alias='i686-pc-cygwin'
build_cpu='i686'
build_os='cygwin'
build_vendor='pc'
datadir='${datarootdir}'
datarootdir='${prefix}/share'
docdir='${datarootdir}/doc/${PACKAGE}'
dvidir='${docdir}'
exec_prefix='NONE'
host='powerpc-unknown-amigaos'
host_alias='ppc-amigaos'
host_cpu='powerpc'
host_os='amigaos'
host_vendor='unknown'
htmldir='${docdir}'
includedir='${prefix}/include'
infodir='${datarootdir}/info'
libdir='${exec_prefix}/lib'
libexecdir='${exec_prefix}/libexec'
localedir='${datarootdir}/locale'
localstatedir='${prefix}/var'
mandir='${datarootdir}/man'
oldincludedir='/usr/include'
pdfdir='${docdir}'
prefix='NONE'
program_transform_name='s,x,x,'
psdir='${docdir}'
sbindir='${exec_prefix}/sbin'
sharedstatedir='${prefix}/com'
sysconfdir='${prefix}/etc'
target_alias=''

## ----------- ##
## confdefs.h. ##
## ----------- ##

#define PACKAGE_NAME ""
#define PACKAGE_TARNAME ""
#define PACKAGE_VERSION ""
#define PACKAGE_STRING ""
#define PACKAGE_BUGREPORT ""
#define _GNU_SOURCE 1

configure: caught signal 2
configure: exit 1
